<?xml version="1.0" encoding="UTF-8"?>
<!-- Generated by org.testng.reporters.JUnitXMLReporter -->
<testsuite ignored="0" hostname="DESKTOP-U691P5C" failures="1" tests="1" name="Test" time="0.048" errors="0" timestamp="2024-02-27T16:02:40 IST">
  <testcase classname="com.project.tests.LoginTest" name="loginTestCase" time="0.018">
    <failure type="java.lang.NullPointerException" message="Cannot invoke &amp;quot;com.project.framework.LogMe.logTestStep(com.aventstack.extentreports.ExtentTest, String, String, boolean)&amp;quot; because the return value of &amp;quot;java.lang.ThreadLocal.get()&amp;quot; is null">
      <![CDATA[java.lang.NullPointerException: Cannot invoke "com.project.framework.LogMe.logTestStep(com.aventstack.extentreports.ExtentTest, String, String, boolean)" because the return value of "java.lang.ThreadLocal.get()" is null
at com.project.pages.LoginPage.loginDeveloper(LoginPage.java:30)
at com.project.tests.LoginTest.loginTestCase(LoginTest.java:17)
at java.base/java.util.ArrayList.forEach(ArrayList.java:1511)
... Removed 27 stack frames]]>
    </failure>
  </testcase> <!-- loginTestCase -->
</testsuite> <!-- Test -->
