<?xml version="1.0" encoding="UTF-8"?>
<testng-results ignored="0" total="1" passed="1" failed="0" skipped="0">
  <reporter-output>
  </reporter-output>
  <suite started-at="2024-02-27T11:58:27 IST" name="Suite" finished-at="2024-02-27T11:58:57 IST" duration-ms="30385">
    <groups>
      <group name="smoke">
        <method signature="LoginTest.loginTestCase()[pri:0, instance:com.project.tests.LoginTest@29d89d5d]" name="loginTestCase" class="com.project.tests.LoginTest"/>
      </group> <!-- smoke -->
    </groups>
    <test started-at="2024-02-27T11:58:27 IST" name="Test" finished-at="2024-02-27T11:58:57 IST" duration-ms="30385">
      <class name="com.project.tests.LoginTest">
        <test-method is-config="true" signature="suiteSetup()[pri:0, instance:com.project.tests.LoginTest@29d89d5d]" started-at="2024-02-27T11:58:26 IST" name="suiteSetup" finished-at="2024-02-27T11:58:27 IST" duration-ms="688" status="PASS">
          <reporter-output>
          </reporter-output>
        </test-method> <!-- suiteSetup -->
        <test-method is-config="true" signature="startReporting(java.lang.reflect.Method)[pri:0, instance:com.project.tests.LoginTest@29d89d5d]" started-at="2024-02-27T11:58:27 IST" name="startReporting" finished-at="2024-02-27T11:58:32 IST" duration-ms="4838" status="PASS">
          <params>
            <param index="0">
              <value>
                <![CDATA[public void com.project.tests.LoginTest.loginTestCase() throws java.io.IOException]]>
              </value>
            </param>
          </params>
          <reporter-output>
          </reporter-output>
        </test-method> <!-- startReporting -->
        <test-method signature="loginTestCase()[pri:0, instance:com.project.tests.LoginTest@29d89d5d]" started-at="2024-02-27T11:58:32 IST" name="loginTestCase" finished-at="2024-02-27T11:58:56 IST" duration-ms="24626" status="PASS">
          <reporter-output>
          </reporter-output>
        </test-method> <!-- loginTestCase -->
        <test-method is-config="true" signature="testResult(java.lang.reflect.Method,org.testng.ITestResult)[pri:0, instance:com.project.tests.LoginTest@29d89d5d]" started-at="2024-02-27T11:58:56 IST" name="testResult" finished-at="2024-02-27T11:58:57 IST" duration-ms="866" status="PASS">
          <params>
            <param index="0">
              <value>
                <![CDATA[public void com.project.tests.LoginTest.loginTestCase() throws java.io.IOException]]>
              </value>
            </param>
            <param index="1">
              <value>
                <![CDATA[[TestResult name=loginTestCase status=SUCCESS method=LoginTest.loginTestCase()[pri:0, instance:com.project.tests.LoginTest@29d89d5d] output={null}]]]>
              </value>
            </param>
          </params>
          <reporter-output>
          </reporter-output>
        </test-method> <!-- testResult -->
        <test-method is-config="true" signature="generateResult()[pri:0, instance:com.project.tests.LoginTest@29d89d5d]" started-at="2024-02-27T11:58:57 IST" name="generateResult" finished-at="2024-02-27T11:58:57 IST" duration-ms="31" status="PASS">
          <reporter-output>
          </reporter-output>
        </test-method> <!-- generateResult -->
      </class> <!-- com.project.tests.LoginTest -->
    </test> <!-- Test -->
  </suite> <!-- Suite -->
</testng-results>
